<?xml version="1.0" encoding="UTF-8"?>
<!-- Generated by org.testng.reporters.JUnitReportReporter -->
<testsuite hostname="DESKTOP-1K6OS8U" name="intellect.TestCase" tests="1" failures="0" timestamp="23 May 2021 17:29:39 GMT" time="107.858" errors="0">
  <testcase name="selectFlight" time="107.858" classname="intellect.TestCase"/>
</testsuite> <!-- intellect.TestCase -->
